STAGE DEPENDENCIES:
  Stage-1 is a root stage
  Stage-5 depends on stages: Stage-1
  Stage-4 depends on stages: Stage-5
  Stage-0 depends on stages: Stage-4

STAGE PLANS:
  Stage: Stage-1
    Map Reduce
      Map Operator Tree:
          TableScan
            alias: b
            Statistics: Num rows: 55 Data size: 5812 Basic stats: COMPLETE Column stats: NONE
            Select Operator
              expressions: key (type: int), value (type: string)
              outputColumnNames: key, value
              Statistics: Num rows: 55 Data size: 5812 Basic stats: COMPLETE Column stats: NONE
              Group By Operator
                keys: key (type: int), value (type: string)
                mode: hash
                outputColumnNames: _col0, _col1
                Statistics: Num rows: 55 Data size: 5812 Basic stats: COMPLETE Column stats: NONE
                Reduce Output Operator
                  key expressions: _col0 (type: int), _col1 (type: string)
                  sort order: ++
                  Map-reduce partition columns: _col0 (type: int), _col1 (type: string)
                  Statistics: Num rows: 55 Data size: 5812 Basic stats: COMPLETE Column stats: NONE
      Reduce Operator Tree:
        Group By Operator
          keys: KEY._col0 (type: int), KEY._col1 (type: string)
          mode: mergepartial
          outputColumnNames: _col0, _col1
          Statistics: Num rows: 27 Data size: 2853 Basic stats: COMPLETE Column stats: NONE
          File Output Operator
            compressed: false
            table:
                input format: org.apache.hadoop.mapred.SequenceFileInputFormat
                output format: org.apache.hadoop.hive.ql.io.HiveSequenceFileOutputFormat
                serde: org.apache.hadoop.hive.serde2.lazybinary.LazyBinarySerDe

  Stage: Stage-5
    Map Reduce Local Work
      Alias -> Map Local Tables:
        sq_1:a 
          Fetch Operator
            limit: -1
      Alias -> Map Local Operator Tree:
        sq_1:a 
          TableScan
            alias: a
            Statistics: Num rows: 55 Data size: 5812 Basic stats: COMPLETE Column stats: NONE
            Filter Operator
              predicate: (value > 'val_12') (type: boolean)
              Statistics: Num rows: 18 Data size: 1902 Basic stats: COMPLETE Column stats: NONE
              Select Operator
                expressions: value (type: string), key (type: int)
                outputColumnNames: _col1, _col2
                Statistics: Num rows: 18 Data size: 1902 Basic stats: COMPLETE Column stats: NONE
                HashTable Sink Operator
                  keys:
                    0 _col1 (type: string), _col0 (type: int)
                    1 _col1 (type: string), _col2 (type: int)

  Stage: Stage-4
    Map Reduce
      Map Operator Tree:
          TableScan
            Map Join Operator
              condition map:
                   Left Outer Join0 to 1
              keys:
                0 _col1 (type: string), _col0 (type: int)
                1 _col1 (type: string), _col2 (type: int)
              outputColumnNames: _col0, _col1, _col4
              Statistics: Num rows: 29 Data size: 3138 Basic stats: COMPLETE Column stats: NONE
              Filter Operator
                predicate: _col4 is null (type: boolean)
                Statistics: Num rows: 14 Data size: 1514 Basic stats: COMPLETE Column stats: NONE
                Select Operator
                  expressions: _col0 (type: int), _col1 (type: string)
                  outputColumnNames: _col0, _col1
                  Statistics: Num rows: 14 Data size: 1514 Basic stats: COMPLETE Column stats: NONE
                  File Output Operator
                    compressed: false
                    Statistics: Num rows: 14 Data size: 1514 Basic stats: COMPLETE Column stats: NONE
                    table:
                        input format: org.apache.hadoop.mapred.TextInputFormat
                        output format: org.apache.hadoop.hive.ql.io.HiveIgnoreKeyTextOutputFormat
                        serde: org.apache.hadoop.hive.serde2.lazy.LazySimpleSerDe
      Local Work:
        Map Reduce Local Work

  Stage: Stage-0
    Fetch Operator
      limit: -1
      Processor Tree:
        ListSink

