STAGE DEPENDENCIES:
  Stage-4 is a root stage
  Stage-3 depends on stages: Stage-4
  Stage-0 depends on stages: Stage-3

STAGE PLANS:
  Stage: Stage-4
    Map Reduce Local Work
      Alias -> Map Local Tables:
        sq_1:a 
          Fetch Operator
            limit: -1
      Alias -> Map Local Operator Tree:
        sq_1:a 
          TableScan
            alias: a
            Statistics: Num rows: 55 Data size: 5812 Basic stats: COMPLETE Column stats: NONE
            Filter Operator
              predicate: ((value > 'val_9') and key is not null) (type: boolean)
              Statistics: Num rows: 9 Data size: 951 Basic stats: COMPLETE Column stats: NONE
              Select Operator
                expressions: value (type: string), key (type: int)
                outputColumnNames: _col1, _col2
                Statistics: Num rows: 9 Data size: 951 Basic stats: COMPLETE Column stats: NONE
                Group By Operator
                  keys: _col1 (type: string), _col2 (type: int)
                  mode: hash
                  outputColumnNames: _col0, _col1
                  Statistics: Num rows: 9 Data size: 951 Basic stats: COMPLETE Column stats: NONE
                  HashTable Sink Operator
                    keys:
                      0 value (type: string), key (type: int)
                      1 _col0 (type: string), _col1 (type: int)

  Stage: Stage-3
    Map Reduce
      Map Operator Tree:
          TableScan
            alias: b
            Statistics: Num rows: 55 Data size: 5812 Basic stats: COMPLETE Column stats: NONE
            Filter Operator
              predicate: (value is not null and key is not null) (type: boolean)
              Statistics: Num rows: 14 Data size: 1479 Basic stats: COMPLETE Column stats: NONE
              Map Join Operator
                condition map:
                     Left Semi Join 0 to 1
                keys:
                  0 value (type: string), key (type: int)
                  1 _col0 (type: string), _col1 (type: int)
                outputColumnNames: _col0, _col1
                Statistics: Num rows: 15 Data size: 1626 Basic stats: COMPLETE Column stats: NONE
                File Output Operator
                  compressed: false
                  Statistics: Num rows: 15 Data size: 1626 Basic stats: COMPLETE Column stats: NONE
                  table:
                      input format: org.apache.hadoop.mapred.TextInputFormat
                      output format: org.apache.hadoop.hive.ql.io.HiveIgnoreKeyTextOutputFormat
                      serde: org.apache.hadoop.hive.serde2.lazy.LazySimpleSerDe
      Local Work:
        Map Reduce Local Work

  Stage: Stage-0
    Fetch Operator
      limit: -1
      Processor Tree:
        ListSink

