STAGE DEPENDENCIES:
  Stage-2 is a root stage
  Stage-4 depends on stages: Stage-2 , consists of Stage-5, Stage-1
  Stage-5 has a backup stage: Stage-1
  Stage-3 depends on stages: Stage-5
  Stage-1
  Stage-0 depends on stages: Stage-3, Stage-1

STAGE PLANS:
  Stage: Stage-2
    Map Reduce
      Map Operator Tree:
          TableScan
            alias: a
            Statistics: Num rows: 55 Data size: 5812 Basic stats: COMPLETE Column stats: NONE
            Filter Operator
              predicate: (value > 'val_2') (type: boolean)
              Statistics: Num rows: 18 Data size: 1902 Basic stats: COMPLETE Column stats: NONE
              Group By Operator
                keys: key (type: int), value (type: string)
                mode: hash
                outputColumnNames: _col0, _col1
                Statistics: Num rows: 18 Data size: 1902 Basic stats: COMPLETE Column stats: NONE
                Reduce Output Operator
                  key expressions: _col0 (type: int), _col1 (type: string)
                  sort order: ++
                  Map-reduce partition columns: _col0 (type: int), _col1 (type: string)
                  Statistics: Num rows: 18 Data size: 1902 Basic stats: COMPLETE Column stats: NONE
      Reduce Operator Tree:
        Group By Operator
          keys: KEY._col0 (type: int), KEY._col1 (type: string)
          mode: mergepartial
          outputColumnNames: _col0, _col1
          Statistics: Num rows: 9 Data size: 951 Basic stats: COMPLETE Column stats: NONE
          Select Operator
            expressions: _col1 (type: string)
            outputColumnNames: _col1
            Statistics: Num rows: 9 Data size: 951 Basic stats: COMPLETE Column stats: NONE
            File Output Operator
              compressed: false
              table:
                  input format: org.apache.hadoop.mapred.SequenceFileInputFormat
                  output format: org.apache.hadoop.hive.ql.io.HiveSequenceFileOutputFormat
                  serde: org.apache.hadoop.hive.serde2.lazybinary.LazyBinarySerDe

  Stage: Stage-4
    Conditional Operator

  Stage: Stage-5
    Map Reduce Local Work
      Alias -> Map Local Tables:
        $INTNAME 
          Fetch Operator
            limit: -1
      Alias -> Map Local Operator Tree:
        $INTNAME 
          TableScan
            HashTable Sink Operator
              keys:
                0 value (type: string)
                1 _col1 (type: string)

  Stage: Stage-3
    Map Reduce
      Map Operator Tree:
          TableScan
            alias: b
            Statistics: Num rows: 55 Data size: 5812 Basic stats: COMPLETE Column stats: NONE
            Map Join Operator
              condition map:
                   Left Outer Join0 to 1
              keys:
                0 value (type: string)
                1 _col1 (type: string)
              outputColumnNames: _col0, _col1, _col6
              Statistics: Num rows: 60 Data size: 6393 Basic stats: COMPLETE Column stats: NONE
              Filter Operator
                predicate: _col6 is null (type: boolean)
                Statistics: Num rows: 30 Data size: 3196 Basic stats: COMPLETE Column stats: NONE
                Select Operator
                  expressions: _col0 (type: int), _col1 (type: string)
                  outputColumnNames: _col0, _col1
                  Statistics: Num rows: 30 Data size: 3196 Basic stats: COMPLETE Column stats: NONE
                  File Output Operator
                    compressed: false
                    Statistics: Num rows: 30 Data size: 3196 Basic stats: COMPLETE Column stats: NONE
                    table:
                        input format: org.apache.hadoop.mapred.TextInputFormat
                        output format: org.apache.hadoop.hive.ql.io.HiveIgnoreKeyTextOutputFormat
                        serde: org.apache.hadoop.hive.serde2.lazy.LazySimpleSerDe
      Local Work:
        Map Reduce Local Work

  Stage: Stage-1
    Map Reduce
      Map Operator Tree:
          TableScan
            alias: b
            Statistics: Num rows: 55 Data size: 5812 Basic stats: COMPLETE Column stats: NONE
            Reduce Output Operator
              key expressions: value (type: string)
              sort order: +
              Map-reduce partition columns: value (type: string)
              Statistics: Num rows: 55 Data size: 5812 Basic stats: COMPLETE Column stats: NONE
              value expressions: key (type: int)
          TableScan
            Reduce Output Operator
              key expressions: _col1 (type: string)
              sort order: +
              Map-reduce partition columns: _col1 (type: string)
              Statistics: Num rows: 9 Data size: 951 Basic stats: COMPLETE Column stats: NONE
      Reduce Operator Tree:
        Join Operator
          condition map:
               Left Outer Join0 to 1
          keys:
            0 value (type: string)
            1 _col1 (type: string)
          outputColumnNames: _col0, _col1, _col6
          Statistics: Num rows: 60 Data size: 6393 Basic stats: COMPLETE Column stats: NONE
          Filter Operator
            predicate: _col6 is null (type: boolean)
            Statistics: Num rows: 30 Data size: 3196 Basic stats: COMPLETE Column stats: NONE
            Select Operator
              expressions: _col0 (type: int), _col1 (type: string)
              outputColumnNames: _col0, _col1
              Statistics: Num rows: 30 Data size: 3196 Basic stats: COMPLETE Column stats: NONE
              File Output Operator
                compressed: false
                Statistics: Num rows: 30 Data size: 3196 Basic stats: COMPLETE Column stats: NONE
                table:
                    input format: org.apache.hadoop.mapred.TextInputFormat
                    output format: org.apache.hadoop.hive.ql.io.HiveIgnoreKeyTextOutputFormat
                    serde: org.apache.hadoop.hive.serde2.lazy.LazySimpleSerDe

  Stage: Stage-0
    Fetch Operator
      limit: -1
      Processor Tree:
        ListSink

