STAGE DEPENDENCIES:
  Stage-5 is a root stage
  Stage-7 depends on stages: Stage-2, Stage-5 , consists of Stage-9, Stage-3
  Stage-9 has a backup stage: Stage-3
  Stage-6 depends on stages: Stage-9
  Stage-3
  Stage-10 is a root stage
  Stage-2 depends on stages: Stage-10
  Stage-0 depends on stages: Stage-6, Stage-3

STAGE PLANS:
  Stage: Stage-5
    Map Reduce
      Map Operator Tree:
          TableScan
            alias: s1
            Statistics: Num rows: 1453 Data size: 5812 Basic stats: COMPLETE Column stats: NONE
            Filter Operator
              predicate: (key > 9) (type: boolean)
              Statistics: Num rows: 484 Data size: 1936 Basic stats: COMPLETE Column stats: NONE
              Group By Operator
                aggregations: count()
                keys: key (type: int)
                mode: hash
                outputColumnNames: _col0, _col1
                Statistics: Num rows: 484 Data size: 1936 Basic stats: COMPLETE Column stats: NONE
                Reduce Output Operator
                  key expressions: _col0 (type: int)
                  sort order: +
                  Map-reduce partition columns: _col0 (type: int)
                  Statistics: Num rows: 484 Data size: 1936 Basic stats: COMPLETE Column stats: NONE
                  value expressions: _col1 (type: bigint)
      Reduce Operator Tree:
        Group By Operator
          aggregations: count(VALUE._col0)
          keys: KEY._col0 (type: int)
          mode: mergepartial
          outputColumnNames: _col0, _col1
          Statistics: Num rows: 242 Data size: 968 Basic stats: COMPLETE Column stats: NONE
          Filter Operator
            predicate: _col1 is not null (type: boolean)
            Statistics: Num rows: 242 Data size: 968 Basic stats: COMPLETE Column stats: NONE
            Select Operator
              expressions: _col1 (type: bigint)
              outputColumnNames: _col0
              Statistics: Num rows: 242 Data size: 968 Basic stats: COMPLETE Column stats: NONE
              Group By Operator
                keys: _col0 (type: bigint)
                mode: hash
                outputColumnNames: _col0
                Statistics: Num rows: 242 Data size: 968 Basic stats: COMPLETE Column stats: NONE
                File Output Operator
                  compressed: false
                  table:
                      input format: org.apache.hadoop.mapred.SequenceFileInputFormat
                      output format: org.apache.hadoop.hive.ql.io.HiveSequenceFileOutputFormat
                      serde: org.apache.hadoop.hive.serde2.lazybinary.LazyBinarySerDe

  Stage: Stage-7
    Conditional Operator

  Stage: Stage-9
    Map Reduce Local Work
      Alias -> Map Local Tables:
        $INTNAME1 
          Fetch Operator
            limit: -1
      Alias -> Map Local Operator Tree:
        $INTNAME1 
          TableScan
            HashTable Sink Operator
              keys:
                0 _col2 (type: bigint)
                1 _col0 (type: bigint)

  Stage: Stage-6
    Map Reduce
      Map Operator Tree:
          TableScan
            Map Join Operator
              condition map:
                   Left Semi Join 0 to 1
              keys:
                0 _col2 (type: bigint)
                1 _col0 (type: bigint)
              outputColumnNames: _col0, _col1, _col2
              Statistics: Num rows: 292 Data size: 1170 Basic stats: COMPLETE Column stats: NONE
              File Output Operator
                compressed: false
                Statistics: Num rows: 292 Data size: 1170 Basic stats: COMPLETE Column stats: NONE
                table:
                    input format: org.apache.hadoop.mapred.TextInputFormat
                    output format: org.apache.hadoop.hive.ql.io.HiveIgnoreKeyTextOutputFormat
                    serde: org.apache.hadoop.hive.serde2.lazy.LazySimpleSerDe
      Local Work:
        Map Reduce Local Work

  Stage: Stage-3
    Map Reduce
      Map Operator Tree:
          TableScan
            Reduce Output Operator
              key expressions: _col2 (type: bigint)
              sort order: +
              Map-reduce partition columns: _col2 (type: bigint)
              Statistics: Num rows: 266 Data size: 1064 Basic stats: COMPLETE Column stats: NONE
              value expressions: _col0 (type: int), _col1 (type: string)
          TableScan
            Reduce Output Operator
              key expressions: _col0 (type: bigint)
              sort order: +
              Map-reduce partition columns: _col0 (type: bigint)
              Statistics: Num rows: 242 Data size: 968 Basic stats: COMPLETE Column stats: NONE
      Reduce Operator Tree:
        Join Operator
          condition map:
               Left Semi Join 0 to 1
          keys:
            0 _col2 (type: bigint)
            1 _col0 (type: bigint)
          outputColumnNames: _col0, _col1, _col2
          Statistics: Num rows: 292 Data size: 1170 Basic stats: COMPLETE Column stats: NONE
          File Output Operator
            compressed: false
            Statistics: Num rows: 292 Data size: 1170 Basic stats: COMPLETE Column stats: NONE
            table:
                input format: org.apache.hadoop.mapred.TextInputFormat
                output format: org.apache.hadoop.hive.ql.io.HiveIgnoreKeyTextOutputFormat
                serde: org.apache.hadoop.hive.serde2.lazy.LazySimpleSerDe

  Stage: Stage-10
    Map Reduce Local Work
      Alias -> Map Local Tables:
        sq_1:src 
          Fetch Operator
            limit: -1
      Alias -> Map Local Operator Tree:
        sq_1:src 
          TableScan
            alias: src
            Statistics: Num rows: 1453 Data size: 5812 Basic stats: COMPLETE Column stats: NONE
            Filter Operator
              predicate: (key > 8) (type: boolean)
              Statistics: Num rows: 484 Data size: 1936 Basic stats: COMPLETE Column stats: NONE
              Select Operator
                expressions: key (type: int)
                outputColumnNames: _col0
                Statistics: Num rows: 484 Data size: 1936 Basic stats: COMPLETE Column stats: NONE
                Group By Operator
                  keys: _col0 (type: int)
                  mode: hash
                  outputColumnNames: _col0
                  Statistics: Num rows: 484 Data size: 1936 Basic stats: COMPLETE Column stats: NONE
                  HashTable Sink Operator
                    keys:
                      0 key (type: int)
                      1 _col0 (type: int)

  Stage: Stage-2
    Map Reduce
      Map Operator Tree:
          TableScan
            alias: b
            Statistics: Num rows: 55 Data size: 5812 Basic stats: COMPLETE Column stats: NONE
            Filter Operator
              predicate: key is not null (type: boolean)
              Statistics: Num rows: 28 Data size: 2958 Basic stats: COMPLETE Column stats: NONE
              Map Join Operator
                condition map:
                     Left Semi Join 0 to 1
                keys:
                  0 key (type: int)
                  1 _col0 (type: int)
                outputColumnNames: _col0, _col1
                Statistics: Num rows: 532 Data size: 2129 Basic stats: COMPLETE Column stats: NONE
                Group By Operator
                  aggregations: count()
                  keys: _col0 (type: int), _col1 (type: string)
                  mode: hash
                  outputColumnNames: _col0, _col1, _col2
                  Statistics: Num rows: 532 Data size: 2129 Basic stats: COMPLETE Column stats: NONE
                  Reduce Output Operator
                    key expressions: _col0 (type: int), _col1 (type: string)
                    sort order: ++
                    Map-reduce partition columns: _col0 (type: int), _col1 (type: string)
                    Statistics: Num rows: 532 Data size: 2129 Basic stats: COMPLETE Column stats: NONE
                    value expressions: _col2 (type: bigint)
      Local Work:
        Map Reduce Local Work
      Reduce Operator Tree:
        Group By Operator
          aggregations: count(VALUE._col0)
          keys: KEY._col0 (type: int), KEY._col1 (type: string)
          mode: mergepartial
          outputColumnNames: _col0, _col1, _col2
          Statistics: Num rows: 266 Data size: 1064 Basic stats: COMPLETE Column stats: NONE
          Filter Operator
            predicate: _col2 is not null (type: boolean)
            Statistics: Num rows: 266 Data size: 1064 Basic stats: COMPLETE Column stats: NONE
            File Output Operator
              compressed: false
              table:
                  input format: org.apache.hadoop.mapred.SequenceFileInputFormat
                  output format: org.apache.hadoop.hive.ql.io.HiveSequenceFileOutputFormat
                  serde: org.apache.hadoop.hive.serde2.lazybinary.LazyBinarySerDe

  Stage: Stage-0
    Fetch Operator
      limit: -1
      Processor Tree:
        ListSink

