STAGE DEPENDENCIES:
  Stage-4 is a root stage
  Stage-3 depends on stages: Stage-4
  Stage-0 depends on stages: Stage-3

STAGE PLANS:
  Stage: Stage-4
    Map Reduce Local Work
      Alias -> Map Local Tables:
        sq_1:s1 
          Fetch Operator
            limit: -1
      Alias -> Map Local Operator Tree:
        sq_1:s1 
          TableScan
            alias: s1
            Statistics: Num rows: 1453 Data size: 5812 Basic stats: COMPLETE Column stats: NONE
            Filter Operator
              predicate: (key > 9) (type: boolean)
              Statistics: Num rows: 484 Data size: 1936 Basic stats: COMPLETE Column stats: NONE
              Select Operator
                expressions: key (type: int)
                outputColumnNames: _col0
                Statistics: Num rows: 484 Data size: 1936 Basic stats: COMPLETE Column stats: NONE
                Group By Operator
                  keys: _col0 (type: int)
                  mode: hash
                  outputColumnNames: _col0
                  Statistics: Num rows: 484 Data size: 1936 Basic stats: COMPLETE Column stats: NONE
                  HashTable Sink Operator
                    keys:
                      0 key (type: int)
                      1 _col0 (type: int)

  Stage: Stage-3
    Map Reduce
      Map Operator Tree:
          TableScan
            alias: src
            Statistics: Num rows: 55 Data size: 5812 Basic stats: COMPLETE Column stats: NONE
            Filter Operator
              predicate: key is not null (type: boolean)
              Statistics: Num rows: 28 Data size: 2958 Basic stats: COMPLETE Column stats: NONE
              Map Join Operator
                condition map:
                     Left Semi Join 0 to 1
                keys:
                  0 key (type: int)
                  1 _col0 (type: int)
                outputColumnNames: _col0, _col1
                Statistics: Num rows: 532 Data size: 2129 Basic stats: COMPLETE Column stats: NONE
                File Output Operator
                  compressed: false
                  Statistics: Num rows: 532 Data size: 2129 Basic stats: COMPLETE Column stats: NONE
                  table:
                      input format: org.apache.hadoop.mapred.TextInputFormat
                      output format: org.apache.hadoop.hive.ql.io.HiveIgnoreKeyTextOutputFormat
                      serde: org.apache.hadoop.hive.serde2.lazy.LazySimpleSerDe
      Local Work:
        Map Reduce Local Work

  Stage: Stage-0
    Fetch Operator
      limit: -1
      Processor Tree:
        ListSink

