STAGE DEPENDENCIES:
  Stage-1 is a root stage
  Stage-5 depends on stages: Stage-1, Stage-3 , consists of Stage-6, Stage-2
  Stage-6 has a backup stage: Stage-2
  Stage-4 depends on stages: Stage-6
  Stage-2
  Stage-3 is a root stage
  Stage-0 depends on stages: Stage-4, Stage-2

STAGE PLANS:
  Stage: Stage-1
    Map Reduce
      Map Operator Tree:
          TableScan
            alias: b
            Statistics: Num rows: 55 Data size: 5812 Basic stats: COMPLETE Column stats: NONE
            Filter Operator
              predicate: value is not null (type: boolean)
              Statistics: Num rows: 28 Data size: 2958 Basic stats: COMPLETE Column stats: NONE
              Group By Operator
                aggregations: count()
                keys: key (type: int), value (type: string)
                mode: hash
                outputColumnNames: _col0, _col1, _col2
                Statistics: Num rows: 28 Data size: 2958 Basic stats: COMPLETE Column stats: NONE
                Reduce Output Operator
                  key expressions: _col0 (type: int), _col1 (type: string)
                  sort order: ++
                  Map-reduce partition columns: _col0 (type: int), _col1 (type: string)
                  Statistics: Num rows: 28 Data size: 2958 Basic stats: COMPLETE Column stats: NONE
                  value expressions: _col2 (type: bigint)
      Reduce Operator Tree:
        Group By Operator
          aggregations: count(VALUE._col0)
          keys: KEY._col0 (type: int), KEY._col1 (type: string)
          mode: mergepartial
          outputColumnNames: _col0, _col1, _col2
          Statistics: Num rows: 14 Data size: 1479 Basic stats: COMPLETE Column stats: NONE
          Filter Operator
            predicate: _col2 is not null (type: boolean)
            Statistics: Num rows: 14 Data size: 1479 Basic stats: COMPLETE Column stats: NONE
            File Output Operator
              compressed: false
              table:
                  input format: org.apache.hadoop.mapred.SequenceFileInputFormat
                  output format: org.apache.hadoop.hive.ql.io.HiveSequenceFileOutputFormat
                  serde: org.apache.hadoop.hive.serde2.lazybinary.LazyBinarySerDe

  Stage: Stage-5
    Conditional Operator

  Stage: Stage-6
    Map Reduce Local Work
      Alias -> Map Local Tables:
        $INTNAME1 
          Fetch Operator
            limit: -1
      Alias -> Map Local Operator Tree:
        $INTNAME1 
          TableScan
            HashTable Sink Operator
              keys:
                0 _col2 (type: bigint), _col1 (type: string)
                1 _col0 (type: bigint), _col1 (type: string)

  Stage: Stage-4
    Map Reduce
      Map Operator Tree:
          TableScan
            Map Join Operator
              condition map:
                   Left Semi Join 0 to 1
              keys:
                0 _col2 (type: bigint), _col1 (type: string)
                1 _col0 (type: bigint), _col1 (type: string)
              outputColumnNames: _col0, _col1, _col2
              Statistics: Num rows: 15 Data size: 1626 Basic stats: COMPLETE Column stats: NONE
              File Output Operator
                compressed: false
                Statistics: Num rows: 15 Data size: 1626 Basic stats: COMPLETE Column stats: NONE
                table:
                    input format: org.apache.hadoop.mapred.TextInputFormat
                    output format: org.apache.hadoop.hive.ql.io.HiveIgnoreKeyTextOutputFormat
                    serde: org.apache.hadoop.hive.serde2.lazy.LazySimpleSerDe
      Local Work:
        Map Reduce Local Work

  Stage: Stage-2
    Map Reduce
      Map Operator Tree:
          TableScan
            Reduce Output Operator
              key expressions: _col2 (type: bigint), _col1 (type: string)
              sort order: ++
              Map-reduce partition columns: _col2 (type: bigint), _col1 (type: string)
              Statistics: Num rows: 14 Data size: 1479 Basic stats: COMPLETE Column stats: NONE
              value expressions: _col0 (type: int)
          TableScan
            Reduce Output Operator
              key expressions: _col0 (type: bigint), _col1 (type: string)
              sort order: ++
              Map-reduce partition columns: _col0 (type: bigint), _col1 (type: string)
              Statistics: Num rows: 4 Data size: 422 Basic stats: COMPLETE Column stats: NONE
      Reduce Operator Tree:
        Join Operator
          condition map:
               Left Semi Join 0 to 1
          keys:
            0 _col2 (type: bigint), _col1 (type: string)
            1 _col0 (type: bigint), _col1 (type: string)
          outputColumnNames: _col0, _col1, _col2
          Statistics: Num rows: 15 Data size: 1626 Basic stats: COMPLETE Column stats: NONE
          File Output Operator
            compressed: false
            Statistics: Num rows: 15 Data size: 1626 Basic stats: COMPLETE Column stats: NONE
            table:
                input format: org.apache.hadoop.mapred.TextInputFormat
                output format: org.apache.hadoop.hive.ql.io.HiveIgnoreKeyTextOutputFormat
                serde: org.apache.hadoop.hive.serde2.lazy.LazySimpleSerDe

  Stage: Stage-3
    Map Reduce
      Map Operator Tree:
          TableScan
            alias: s1
            Statistics: Num rows: 55 Data size: 5812 Basic stats: COMPLETE Column stats: NONE
            Filter Operator
              predicate: ((key > 9) and value is not null) (type: boolean)
              Statistics: Num rows: 9 Data size: 951 Basic stats: COMPLETE Column stats: NONE
              Select Operator
                expressions: value (type: string), key (type: int)
                outputColumnNames: value, key
                Statistics: Num rows: 9 Data size: 951 Basic stats: COMPLETE Column stats: NONE
                Group By Operator
                  aggregations: count()
                  keys: value (type: string), key (type: int)
                  mode: hash
                  outputColumnNames: _col0, _col1, _col2
                  Statistics: Num rows: 9 Data size: 951 Basic stats: COMPLETE Column stats: NONE
                  Reduce Output Operator
                    key expressions: _col0 (type: string), _col1 (type: int)
                    sort order: ++
                    Map-reduce partition columns: _col0 (type: string), _col1 (type: int)
                    Statistics: Num rows: 9 Data size: 951 Basic stats: COMPLETE Column stats: NONE
                    value expressions: _col2 (type: bigint)
      Reduce Operator Tree:
        Group By Operator
          aggregations: count(VALUE._col0)
          keys: KEY._col0 (type: string), KEY._col1 (type: int)
          mode: mergepartial
          outputColumnNames: _col0, _col1, _col2
          Statistics: Num rows: 4 Data size: 422 Basic stats: COMPLETE Column stats: NONE
          Filter Operator
            predicate: _col2 is not null (type: boolean)
            Statistics: Num rows: 4 Data size: 422 Basic stats: COMPLETE Column stats: NONE
            Select Operator
              expressions: _col2 (type: bigint), _col0 (type: string)
              outputColumnNames: _col0, _col1
              Statistics: Num rows: 4 Data size: 422 Basic stats: COMPLETE Column stats: NONE
              Group By Operator
                keys: _col0 (type: bigint), _col1 (type: string)
                mode: hash
                outputColumnNames: _col0, _col1
                Statistics: Num rows: 4 Data size: 422 Basic stats: COMPLETE Column stats: NONE
                File Output Operator
                  compressed: false
                  table:
                      input format: org.apache.hadoop.mapred.SequenceFileInputFormat
                      output format: org.apache.hadoop.hive.ql.io.HiveSequenceFileOutputFormat
                      serde: org.apache.hadoop.hive.serde2.lazybinary.LazyBinarySerDe

  Stage: Stage-0
    Fetch Operator
      limit: -1
      Processor Tree:
        ListSink

