STAGE DEPENDENCIES:
  Stage-4 is a root stage
  Stage-3 depends on stages: Stage-4
  Stage-0 depends on stages: Stage-3

STAGE PLANS:
  Stage: Stage-4
    Map Reduce Local Work
      Alias -> Map Local Tables:
        sq_1:a 
          Fetch Operator
            limit: -1
      Alias -> Map Local Operator Tree:
        sq_1:a 
          TableScan
            alias: a
            Statistics: Num rows: 55 Data size: 5812 Basic stats: COMPLETE Column stats: NONE
            Filter Operator
              predicate: (value > 'val_2') (type: boolean)
              Statistics: Num rows: 18 Data size: 1902 Basic stats: COMPLETE Column stats: NONE
              Select Operator
                expressions: value (type: string), key (type: int)
                outputColumnNames: _col1, _col2
                Statistics: Num rows: 18 Data size: 1902 Basic stats: COMPLETE Column stats: NONE
                HashTable Sink Operator
                  keys:
                    0 value (type: string), key (type: int)
                    1 _col1 (type: string), _col2 (type: int)

  Stage: Stage-3
    Map Reduce
      Map Operator Tree:
          TableScan
            alias: b
            Statistics: Num rows: 55 Data size: 5812 Basic stats: COMPLETE Column stats: NONE
            Map Join Operator
              condition map:
                   Left Outer Join0 to 1
              keys:
                0 value (type: string), key (type: int)
                1 _col1 (type: string), _col2 (type: int)
              outputColumnNames: _col0, _col1, _col7
              Statistics: Num rows: 60 Data size: 6393 Basic stats: COMPLETE Column stats: NONE
              Filter Operator
                predicate: _col7 is null (type: boolean)
                Statistics: Num rows: 30 Data size: 3196 Basic stats: COMPLETE Column stats: NONE
                Select Operator
                  expressions: _col0 (type: int), _col1 (type: string)
                  outputColumnNames: _col0, _col1
                  Statistics: Num rows: 30 Data size: 3196 Basic stats: COMPLETE Column stats: NONE
                  File Output Operator
                    compressed: false
                    Statistics: Num rows: 30 Data size: 3196 Basic stats: COMPLETE Column stats: NONE
                    table:
                        input format: org.apache.hadoop.mapred.TextInputFormat
                        output format: org.apache.hadoop.hive.ql.io.HiveIgnoreKeyTextOutputFormat
                        serde: org.apache.hadoop.hive.serde2.lazy.LazySimpleSerDe
      Local Work:
        Map Reduce Local Work

  Stage: Stage-0
    Fetch Operator
      limit: -1
      Processor Tree:
        ListSink

